<?xml version="1.0" encoding="UTF-8"?>
<!-- Generated by org.testng.reporters.JUnitReportReporter -->
<testsuite hostname="PIKU-PC" name="com.ddlab.rnd.testng.test.AppTest1" tests="1" failures="0" timestamp="16 Mar 2014 07:49:14 GMT" time="0.005" errors="0">
  <testcase name="testLinuxOnly" time="0.005" classname="com.ddlab.rnd.testng.test.AppTest1"/>
</testsuite> <!-- com.ddlab.rnd.testng.test.AppTest1 -->
